2024-05-15T12:25:12.336Z [info]: Navigating to URL: https://www.google.com
2024-05-15T12:25:12.343Z [info]: Calling method goto with arguments: ["https://www.google.com"]
2024-05-15T12:25:13.712Z [info]: Navigating to URL: https://www.google.com
2024-05-15T12:25:13.717Z [info]: Calling method goto with arguments: ["https://www.google.com"]
2024-05-15T12:25:16.602Z [info]: Method goto succeeded
2024-05-15T12:25:16.603Z [info]: Clicking on selector: .gLFyf
2024-05-15T12:25:16.604Z [info]: Calling method click with arguments: [".gLFyf"]
2024-05-15T12:25:17.123Z [info]: Method click succeeded
2024-05-15T12:25:17.783Z [info]: Navigating to URL: https://www.google.com
2024-05-15T12:25:17.791Z [info]: Calling method goto with arguments: ["https://www.google.com"]
2024-05-15T12:25:19.579Z [info]: Method goto succeeded
2024-05-15T12:25:19.580Z [info]: Clicking on selector: .gLFyf
2024-05-15T12:25:19.581Z [info]: Calling method click with arguments: [".gLFyf"]
2024-05-15T12:25:20.877Z [info]: Method click succeeded
2024-05-15T12:25:21.333Z [info]: Method goto succeeded
2024-05-15T12:25:21.334Z [info]: Clicking on selector: .gLFyf
2024-05-15T12:25:21.335Z [info]: Calling method click with arguments: [".gLFyf"]
2024-05-15T12:25:21.908Z [info]: Method click succeeded
2024-05-15T12:29:52.650Z [info]: Navigating to URL: https://www.google.com
2024-05-15T12:29:52.656Z [info]: Calling method goto with arguments: ["https://www.google.com"]
2024-05-15T12:29:54.692Z [info]: Navigating to URL: https://www.google.com
2024-05-15T12:29:54.699Z [info]: Calling method goto with arguments: ["https://www.google.com"]
2024-05-15T12:29:56.506Z [info]: Navigating to URL: https://www.google.com
2024-05-15T12:29:56.511Z [info]: Calling method goto with arguments: ["https://www.google.com"]
2024-05-15T12:29:58.192Z [info]: Method goto succeeded
2024-05-15T12:29:58.193Z [info]: Clicking on selector: .gLFyf
2024-05-15T12:29:58.194Z [info]: Calling method click with arguments: [".gLFyf"]
2024-05-15T12:29:58.915Z [info]: Method click succeeded
2024-05-15T12:30:00.102Z [info]: Method goto succeeded
2024-05-15T12:30:00.103Z [info]: Clicking on selector: .gLFyf
2024-05-15T12:30:00.104Z [info]: Calling method click with arguments: [".gLFyf"]
2024-05-15T12:30:01.518Z [info]: Method goto succeeded
2024-05-15T12:30:01.519Z [info]: Clicking on selector: .gLFyf
2024-05-15T12:30:01.521Z [info]: Calling method click with arguments: [".gLFyf"]
2024-05-15T12:30:02.393Z [info]: Method click succeeded
2024-05-15T12:30:03.061Z [info]: Method click succeeded
2024-05-15T12:32:58.207Z [info]: Navigating to URL: https://www.google.com
2024-05-15T12:32:58.211Z [info]: Calling method goto with arguments: ["https://www.google.com"]
2024-05-15T12:33:00.691Z [info]: Method goto succeeded
2024-05-15T12:33:00.692Z [info]: Clicking on selector: .gLFyf
2024-05-15T12:33:00.693Z [info]: Calling method click with arguments: [".gLFyf"]
2024-05-15T12:33:01.025Z [info]: Method click succeeded
2024-05-15T12:39:44.622Z [info]: Navigating to URL: https://www.google.com
2024-05-15T12:39:44.626Z [info]: Calling method goto with arguments: ["https://www.google.com"]
2024-05-15T12:39:46.047Z [info]: Navigating to URL: https://www.google.com
2024-05-15T12:39:46.051Z [info]: Calling method goto with arguments: ["https://www.google.com"]
2024-05-15T12:39:48.121Z [info]: Navigating to URL: https://www.google.com
2024-05-15T12:39:48.138Z [info]: Calling method goto with arguments: ["https://www.google.com"]
2024-05-15T12:39:49.081Z [info]: Method goto succeeded
2024-05-15T12:39:49.082Z [info]: Clicking on selector: .gLFyf
2024-05-15T12:39:49.083Z [info]: Calling method click with arguments: [".gLFyf"]
2024-05-15T12:39:49.887Z [info]: Method click succeeded
2024-05-15T12:39:50.784Z [info]: Method goto succeeded
2024-05-15T12:39:50.785Z [info]: Clicking on selector: .gLFyf
2024-05-15T12:39:50.786Z [info]: Calling method click with arguments: [".gLFyf"]
2024-05-15T12:39:51.542Z [info]: Method click succeeded
2024-05-15T12:39:52.022Z [info]: Method goto succeeded
2024-05-15T12:39:52.023Z [info]: Clicking on selector: .gLFyf
2024-05-15T12:39:52.024Z [info]: Calling method click with arguments: [".gLFyf"]
2024-05-15T12:39:52.359Z [info]: Method click succeeded
